[USER INPUT] Прочети civilization_vision.txt и goal_summary.txt.
[AGENT RESPONSE] Все още нямам реална логика за обработка на интерактивни задачи.
На този етап само логвам входа ти и връщам това съобщение.
Следваща стъпка: да свържем този интерактивен режим с файловете goal_summary.txt, civilization_vision.txt и останалата архитектура.
[USER INPUT] После анализирай следния проблем през тази визия:
[AGENT RESPONSE] Все още нямам реална логика за обработка на интерактивни задачи.
На този етап само логвам входа ти и връщам това съобщение.
Следваща стъпка: да свържем този интерактивен режим с файловете goal_summary.txt, civilization_vision.txt и останалата архитектура.
[USER INPUT] „Глобална енергийна криза и риск от войни за ресурси.“
[AGENT RESPONSE] Все още нямам реална логика за обработка на интерактивни задачи.
На този етап само логвам входа ти и връщам това съобщение.
Следваща стъпка: да свържем този интерактивен режим с файловете goal_summary.txt, civilization_vision.txt и останалата архитектура.
[USER INPUT] Искам от теб:
[AGENT RESPONSE] Все още нямам реална логика за обработка на интерактивни задачи.
На този етап само логвам входа ти и връщам това съобщение.
Следваща стъпка: да свържем този интерактивен режим с файловете goal_summary.txt, civilization_vision.txt и останалата архитектура.
[USER INPUT] Да опишеш проблема през научния метод (какви факти/данни, какви причини, какви системни фактори).
[AGENT RESPONSE] Все още нямам реална логика за обработка на интерактивни задачи.
На този етап само логвам входа ти и връщам това съобщение.
Следваща стъпка: да свържем този интерактивен режим с файловете goal_summary.txt, civilization_vision.txt и останалата архитектура.
[USER INPUT] Да предложиш 3–5 посоки за решения, съвместими с цивилизационната визия (достоен живот за всички, ресурсно-базирано мислене, устойчивост, подготовка за дългосрочно оцеляване).
[AGENT RESPONSE] Все още нямам реална логика за обработка на интерактивни задачи.
На този етап само логвам входа ти и връщам това съобщение.
Следваща стъпка: да свържем този интерактивен режим с файловете goal_summary.txt, civilization_vision.txt и останалата архитектура.
