[2026-02-27T11:31:13.335645+00:00] RESOURCE_REVIEW_DAEMON: started
[2026-02-27T11:31:13.340230+00:00] RESOURCE_REVIEW_DAEMON: cycle start at 2026-02-27T11:31:13.340213+00:00
[2026-02-27T11:31:13.349845+00:00] === RESOURCE_REVIEW: BEGIN CYCLE ===
[2026-02-27T11:31:13.358116+00:00] ENERGY_REVIEW: START RESOURCE_REVIEW energy
[2026-02-27T11:31:13.367357+00:00] RESOURCE_REVIEW_DAEMON: starting runner for domain=energy
[2026-02-27T11:31:13.535129+00:00] RESOURCE_REVIEW_DAEMON: runner for energy finished OK (stdout length=87)
[2026-02-27T11:31:13.539371+00:00] ENERGY_REVIEW: END RESOURCE_REVIEW energy
[2026-02-27T11:31:13.548243+00:00] === RESOURCE_REVIEW: END CYCLE ===
[2026-02-27T11:31:13.556033+00:00] RESOURCE_REVIEW_DAEMON: sleeping 900 seconds
[2026-02-27T11:37:55.720402+00:00] RESOURCE_REVIEW_DAEMON: started
[2026-02-27T11:37:55.724534+00:00] RESOURCE_REVIEW_DAEMON: cycle start at 2026-02-27T11:37:55.724522+00:00
[2026-02-27T11:37:55.735175+00:00] === RESOURCE_REVIEW: BEGIN CYCLE ===
[2026-02-27T11:37:55.743872+00:00] ENERGY_REVIEW: START RESOURCE_REVIEW energy
[2026-02-27T11:37:55.752986+00:00] RESOURCE_REVIEW_DAEMON: starting runner for domain=energy
[2026-02-27T11:37:55.934963+00:00] RESOURCE_REVIEW_DAEMON: runner for energy finished OK (stdout length=88)
[2026-02-27T11:37:55.939563+00:00] ENERGY_REVIEW: END RESOURCE_REVIEW energy
[2026-02-27T11:37:55.949008+00:00] === RESOURCE_REVIEW: END CYCLE ===
[2026-02-27T11:37:55.958527+00:00] RESOURCE_REVIEW_DAEMON: sleeping 900 seconds
[2026-02-27T11:40:08.335958+00:00] RESOURCE_REVIEW_DAEMON: started
[2026-02-27T11:40:08.340359+00:00] RESOURCE_REVIEW_DAEMON: cycle start at 2026-02-27T11:40:08.340345+00:00
[2026-02-27T11:40:08.351339+00:00] === RESOURCE_REVIEW: BEGIN CYCLE ===
[2026-02-27T11:40:08.360208+00:00] ENERGY_REVIEW: START RESOURCE_REVIEW energy
[2026-02-27T11:40:08.369848+00:00] RESOURCE_REVIEW_DAEMON: starting runner for domain=energy
[2026-02-27T11:40:08.540602+00:00] RESOURCE_REVIEW_DAEMON: runner for energy finished OK (stdout length=88)
[2026-02-27T11:40:08.544581+00:00] ENERGY_REVIEW: END RESOURCE_REVIEW energy
[2026-02-27T11:40:08.553550+00:00] === RESOURCE_REVIEW: END CYCLE ===
[2026-02-27T11:40:08.562944+00:00] RESOURCE_REVIEW_DAEMON: sleeping 900 seconds
[2026-02-27T11:54:20.447689+00:00] RESOURCE_REVIEW_DAEMON: started
[2026-02-27T11:54:20.451426+00:00] RESOURCE_REVIEW_DAEMON: cycle start at 2026-02-27T11:54:20.451409+00:00
[2026-02-27T11:54:20.462096+00:00] === RESOURCE_REVIEW: BEGIN CYCLE ===
[2026-02-27T11:54:20.471624+00:00] ENERGY_REVIEW: START RESOURCE_REVIEW energy
[2026-02-27T11:54:20.480922+00:00] RESOURCE_REVIEW_DAEMON: starting runner for domain=energy
[2026-02-27T11:54:20.651825+00:00] RESOURCE_REVIEW_DAEMON: runner for energy finished OK (stdout length=88)
[2026-02-27T11:54:20.655876+00:00] ENERGY_REVIEW: END RESOURCE_REVIEW energy
[2026-02-27T11:54:20.664719+00:00] === RESOURCE_REVIEW: END CYCLE ===
[2026-02-27T11:54:20.674587+00:00] RESOURCE_REVIEW_DAEMON: sleeping 900 seconds
[2026-02-27T12:09:45.211531+00:00] RESOURCE_REVIEW_DAEMON: started
[2026-02-27T12:09:45.214875+00:00] RESOURCE_REVIEW_DAEMON: cycle start at 2026-02-27T12:09:45.214865+00:00
[2026-02-27T12:09:45.226799+00:00] === RESOURCE_REVIEW: BEGIN CYCLE ===
[2026-02-27T12:09:45.237017+00:00] ENERGY_REVIEW: START RESOURCE_REVIEW energy
[2026-02-27T12:09:45.247609+00:00] RESOURCE_REVIEW_DAEMON: starting runner for domain=energy
[2026-02-27T12:09:45.462777+00:00] RESOURCE_REVIEW_DAEMON: runner for energy finished OK (stdout length=88)
[2026-02-27T12:09:45.467246+00:00] ENERGY_REVIEW: END RESOURCE_REVIEW energy
[2026-02-27T12:09:45.476446+00:00] === RESOURCE_REVIEW: END CYCLE ===
[2026-02-27T12:09:45.486038+00:00] RESOURCE_REVIEW_DAEMON: sleeping 900 seconds
[2026-02-27T12:24:58.674420+00:00] RESOURCE_REVIEW_DAEMON: started
[2026-02-27T12:24:58.678346+00:00] RESOURCE_REVIEW_DAEMON: cycle start at 2026-02-27T12:24:58.678326+00:00
[2026-02-27T12:24:58.688896+00:00] === RESOURCE_REVIEW: BEGIN CYCLE ===
[2026-02-27T12:24:58.697931+00:00] ENERGY_REVIEW: START RESOURCE_REVIEW energy
[2026-02-27T12:24:58.707062+00:00] RESOURCE_REVIEW_DAEMON: starting runner for domain=energy
[2026-02-27T12:27:43.131490+00:00] RESOURCE_REVIEW_DAEMON: runner for energy finished OK (stdout length=88)
[2026-02-27T12:27:43.136438+00:00] ENERGY_REVIEW: END RESOURCE_REVIEW energy
[2026-02-27T12:27:43.149909+00:00] === RESOURCE_REVIEW: END CYCLE ===
[2026-02-27T12:27:43.172776+00:00] RESOURCE_REVIEW_DAEMON: sleeping 900 seconds
[2026-02-27T13:35:55.521656+00:00] RESOURCE_REVIEW_DAEMON: started
[2026-02-27T13:35:55.525821+00:00] RESOURCE_REVIEW_DAEMON: cycle start at 2026-02-27T13:35:55.525808+00:00
[2026-02-27T13:35:55.537305+00:00] === RESOURCE_REVIEW: BEGIN CYCLE ===
[2026-02-27T13:35:55.547442+00:00] ENERGY_REVIEW: START RESOURCE_REVIEW energy
[2026-02-27T13:35:55.557444+00:00] RESOURCE_REVIEW_DAEMON: starting runner for domain=energy
[2026-02-27T13:38:04.765758+00:00] RESOURCE_REVIEW_DAEMON: started
[2026-02-27T13:38:04.769826+00:00] RESOURCE_REVIEW_DAEMON: cycle start at 2026-02-27T13:38:04.769814+00:00
[2026-02-27T13:38:04.780534+00:00] === RESOURCE_REVIEW: BEGIN CYCLE ===
[2026-02-27T13:38:04.790406+00:00] ENERGY_REVIEW: START RESOURCE_REVIEW energy
[2026-02-27T13:38:04.800519+00:00] RESOURCE_REVIEW_DAEMON: starting runner for domain=energy
[2026-02-27T13:40:22.433395+00:00] RESOURCE_REVIEW_DAEMON: started
[2026-02-27T13:40:22.437404+00:00] RESOURCE_REVIEW_DAEMON: cycle start at 2026-02-27T13:40:22.437392+00:00
[2026-02-27T13:40:22.456081+00:00] === RESOURCE_REVIEW: BEGIN CYCLE ===
[2026-02-27T13:40:22.465848+00:00] ENERGY_REVIEW: START RESOURCE_REVIEW energy
[2026-02-27T13:40:22.476267+00:00] RESOURCE_REVIEW_DAEMON: starting runner for domain=energy
[2026-02-27T13:42:37.322481+00:00] RESOURCE_REVIEW_DAEMON: runner for energy finished OK (stdout length=88)
[2026-02-27T13:42:37.326756+00:00] ENERGY_REVIEW: END RESOURCE_REVIEW energy
[2026-02-27T13:42:37.350741+00:00] WATER_REVIEW: START RESOURCE_REVIEW water
[2026-02-27T13:42:37.361837+00:00] RESOURCE_REVIEW_DAEMON: starting runner for domain=water
[2026-02-27T13:45:45.975577+00:00] RESOURCE_REVIEW_DAEMON: runner for water finished OK (stdout length=87)
[2026-02-27T13:45:45.980357+00:00] WATER_REVIEW: END RESOURCE_REVIEW water
[2026-02-27T13:45:46.005024+00:00] === RESOURCE_REVIEW: END CYCLE ===
[2026-02-27T13:45:46.015905+00:00] RESOURCE_REVIEW_DAEMON: sleeping 900 seconds
[2026-02-27T13:49:38.320799+00:00] RESOURCE_REVIEW_DAEMON: started (parallel mode)
[2026-02-27T13:49:38.324626+00:00] RESOURCE_REVIEW_DAEMON: cycle start at 2026-02-27T13:49:38.324615+00:00
[2026-02-27T13:49:38.336221+00:00] === RESOURCE_REVIEW: BEGIN CYCLE ===
[2026-02-27T13:49:38.346855+00:00] ENERGY_REVIEW: START RESOURCE_REVIEW energy
[2026-02-27T13:49:38.356574+00:00] RESOURCE_REVIEW_DAEMON: starting runner for domain=energy (parallel)
[2026-02-27T13:49:38.366364+00:00] WATER_REVIEW: START RESOURCE_REVIEW water
[2026-02-27T13:49:38.375954+00:00] RESOURCE_REVIEW_DAEMON: starting runner for domain=water (parallel)
[2026-02-27T13:52:00.713811+00:00] RESOURCE_REVIEW_DAEMON: runner for energy finished OK (stdout length=88)
[2026-02-27T13:52:00.718534+00:00] ENERGY_REVIEW: END RESOURCE_REVIEW energy
[2026-02-27T13:54:37.480089+00:00] RESOURCE_REVIEW_DAEMON: runner for water finished OK (stdout length=87)
[2026-02-27T13:54:37.484617+00:00] WATER_REVIEW: END RESOURCE_REVIEW water
[2026-02-27T13:54:37.503322+00:00] === RESOURCE_REVIEW: END CYCLE ===
[2026-02-27T13:54:37.519960+00:00] RESOURCE_REVIEW_DAEMON: sleeping 900 seconds
